<?xml version="1.0" encoding="UTF-8"?>
<!-- Generated by org.testng.reporters.JUnitReportReporter -->
<testsuite skipped="0" hostname="Eswarans-MacBook-Pro.local" name="test.MissionHumane" tests="1" failures="0" timestamp="2022-03-02T13:15:43 EST" time="85.552" errors="0">
  <testcase name="ScrapeWestBengal" time="85.552" classname="test.MissionHumane"/>
  <system-out/>
</testsuite> <!-- test.MissionHumane -->
